#! /foss/tools/iverilog/bin/vvp
:ivl_version "14.0 (devel)" "(s20251012-216-g6b1878c1-dirty)";
:ivl_delay_selection "TYPICAL";
:vpi_time_precision - 12;
:vpi_module "/foss/tools/iverilog/lib/ivl/system.vpi";
:vpi_module "/foss/tools/iverilog/lib/ivl/vhdl_sys.vpi";
:vpi_module "/foss/tools/iverilog/lib/ivl/vhdl_textio.vpi";
:vpi_module "/foss/tools/iverilog/lib/ivl/v2005_math.vpi";
:vpi_module "/foss/tools/iverilog/lib/ivl/va_math.vpi";
:vpi_module "/foss/tools/iverilog/lib/ivl/v2009.vpi";
S_0x55a560ae7160 .scope package, "$unit" "$unit" 2 1;
 .timescale 0 0;
S_0x55a560ae72f0 .scope module, "div16_tb" "div16_tb" 3 3;
 .timescale -9 -12;
v0x55a560b021e0_0 .var "clk_in", 0 0;
v0x55a560b022f0_0 .var "meas_en", 0 0;
v0x55a560b023b0_0 .net "q0", 0 0, v0x55a560ae7fc0_0;  1 drivers
v0x55a560b02450_0 .net "q1", 0 0, v0x55a560b00f00_0;  1 drivers
v0x55a560b024f0_0 .net "q2", 0 0, v0x55a560b01470_0;  1 drivers
v0x55a560b025e0_0 .net "q3", 0 0, v0x55a560b019e0_0;  1 drivers
S_0x55a560ae7480 .scope module, "dut" "div16" 3 14, 4 21 0, S_0x55a560ae72f0;
 .timescale 0 0;
    .port_info 0 /INPUT 1 "clk_in";
    .port_info 1 /INPUT 1 "meas_en";
    .port_info 2 /OUTPUT 1 "q0";
    .port_info 3 /OUTPUT 1 "q1";
    .port_info 4 /OUTPUT 1 "q2";
    .port_info 5 /OUTPUT 1 "q3";
L_0x55a560b026d0 .functor NOT 1, v0x55a560b022f0_0, C4<0>, C4<0>, C4<0>;
v0x55a560b01bb0_0 .net "clk_in", 0 0, v0x55a560b021e0_0;  1 drivers
v0x55a560b01c80_0 .net "kill", 0 0, L_0x55a560b026d0;  1 drivers
v0x55a560b01d20_0 .net "meas_en", 0 0, v0x55a560b022f0_0;  1 drivers
v0x55a560b01df0_0 .net "q0", 0 0, v0x55a560ae7fc0_0;  alias, 1 drivers
v0x55a560b01e90_0 .net "q1", 0 0, v0x55a560b00f00_0;  alias, 1 drivers
v0x55a560b01fd0_0 .net "q2", 0 0, v0x55a560b01470_0;  alias, 1 drivers
v0x55a560b020c0_0 .net "q3", 0 0, v0x55a560b019e0_0;  alias, 1 drivers
S_0x55a560aaa5b0 .scope module, "tff0" "tff" 4 34, 4 1 0, S_0x55a560ae7480;
 .timescale 0 0;
    .port_info 0 /INPUT 1 "clk_in";
    .port_info 1 /INPUT 1 "kill";
    .port_info 2 /OUTPUT 1 "clk_out";
v0x55a560aaabd0_0 .net "clk_in", 0 0, v0x55a560b021e0_0;  alias, 1 drivers
v0x55a560ae7fc0_0 .var "clk_out", 0 0;
v0x55a560b00a60_0 .net "kill", 0 0, L_0x55a560b026d0;  alias, 1 drivers
E_0x55a560ae5900/0 .event negedge, v0x55a560b00a60_0;
E_0x55a560ae5900/1 .event posedge, v0x55a560aaabd0_0;
E_0x55a560ae5900 .event/or E_0x55a560ae5900/0, E_0x55a560ae5900/1;
S_0x55a560b00b80 .scope module, "tff1" "tff" 4 40, 4 1 0, S_0x55a560ae7480;
 .timescale 0 0;
    .port_info 0 /INPUT 1 "clk_in";
    .port_info 1 /INPUT 1 "kill";
    .port_info 2 /OUTPUT 1 "clk_out";
v0x55a560b00e10_0 .net "clk_in", 0 0, v0x55a560ae7fc0_0;  alias, 1 drivers
v0x55a560b00f00_0 .var "clk_out", 0 0;
v0x55a560b00fa0_0 .net "kill", 0 0, L_0x55a560b026d0;  alias, 1 drivers
E_0x55a560ae5940/0 .event negedge, v0x55a560b00a60_0;
E_0x55a560ae5940/1 .event posedge, v0x55a560ae7fc0_0;
E_0x55a560ae5940 .event/or E_0x55a560ae5940/0, E_0x55a560ae5940/1;
S_0x55a560b010e0 .scope module, "tff2" "tff" 4 46, 4 1 0, S_0x55a560ae7480;
 .timescale 0 0;
    .port_info 0 /INPUT 1 "clk_in";
    .port_info 1 /INPUT 1 "kill";
    .port_info 2 /OUTPUT 1 "clk_out";
v0x55a560b01380_0 .net "clk_in", 0 0, v0x55a560b00f00_0;  alias, 1 drivers
v0x55a560b01470_0 .var "clk_out", 0 0;
v0x55a560b01510_0 .net "kill", 0 0, L_0x55a560b026d0;  alias, 1 drivers
E_0x55a560aceba0/0 .event negedge, v0x55a560b00a60_0;
E_0x55a560aceba0/1 .event posedge, v0x55a560b00f00_0;
E_0x55a560aceba0 .event/or E_0x55a560aceba0/0, E_0x55a560aceba0/1;
S_0x55a560b01690 .scope module, "tff3" "tff" 4 52, 4 1 0, S_0x55a560ae7480;
 .timescale 0 0;
    .port_info 0 /INPUT 1 "clk_in";
    .port_info 1 /INPUT 1 "kill";
    .port_info 2 /OUTPUT 1 "clk_out";
v0x55a560b01920_0 .net "clk_in", 0 0, v0x55a560b01470_0;  alias, 1 drivers
v0x55a560b019e0_0 .var "clk_out", 0 0;
v0x55a560b01a80_0 .net "kill", 0 0, L_0x55a560b026d0;  alias, 1 drivers
E_0x55a560ad89c0/0 .event negedge, v0x55a560b00a60_0;
E_0x55a560ad89c0/1 .event posedge, v0x55a560b01470_0;
E_0x55a560ad89c0 .event/or E_0x55a560ad89c0/0, E_0x55a560ad89c0/1;
    .scope S_0x55a560aaa5b0;
T_0 ;
    %wait E_0x55a560ae5900;
    %load/vec4 v0x55a560b00a60_0;
    %nor/r;
    %flag_set/vec4 8;
    %jmp/0xz  T_0.0, 8;
    %pushi/vec4 0, 0, 1;
    %assign/vec4 v0x55a560ae7fc0_0, 0;
    %jmp T_0.1;
T_0.0 ;
    %load/vec4 v0x55a560ae7fc0_0;
    %inv;
    %assign/vec4 v0x55a560ae7fc0_0, 0;
T_0.1 ;
    %jmp T_0;
    .thread T_0;
    .scope S_0x55a560b00b80;
T_1 ;
    %wait E_0x55a560ae5940;
    %load/vec4 v0x55a560b00fa0_0;
    %nor/r;
    %flag_set/vec4 8;
    %jmp/0xz  T_1.0, 8;
    %pushi/vec4 0, 0, 1;
    %assign/vec4 v0x55a560b00f00_0, 0;
    %jmp T_1.1;
T_1.0 ;
    %load/vec4 v0x55a560b00f00_0;
    %inv;
    %assign/vec4 v0x55a560b00f00_0, 0;
T_1.1 ;
    %jmp T_1;
    .thread T_1;
    .scope S_0x55a560b010e0;
T_2 ;
    %wait E_0x55a560aceba0;
    %load/vec4 v0x55a560b01510_0;
    %nor/r;
    %flag_set/vec4 8;
    %jmp/0xz  T_2.0, 8;
    %pushi/vec4 0, 0, 1;
    %assign/vec4 v0x55a560b01470_0, 0;
    %jmp T_2.1;
T_2.0 ;
    %load/vec4 v0x55a560b01470_0;
    %inv;
    %assign/vec4 v0x55a560b01470_0, 0;
T_2.1 ;
    %jmp T_2;
    .thread T_2;
    .scope S_0x55a560b01690;
T_3 ;
    %wait E_0x55a560ad89c0;
    %load/vec4 v0x55a560b01a80_0;
    %nor/r;
    %flag_set/vec4 8;
    %jmp/0xz  T_3.0, 8;
    %pushi/vec4 0, 0, 1;
    %assign/vec4 v0x55a560b019e0_0, 0;
    %jmp T_3.1;
T_3.0 ;
    %load/vec4 v0x55a560b019e0_0;
    %inv;
    %assign/vec4 v0x55a560b019e0_0, 0;
T_3.1 ;
    %jmp T_3;
    .thread T_3;
    .scope S_0x55a560ae72f0;
T_4 ;
    %pushi/vec4 0, 0, 1;
    %store/vec4 v0x55a560b021e0_0, 0, 1;
T_4.0 ;
    %delay 2500, 0;
    %load/vec4 v0x55a560b021e0_0;
    %inv;
    %store/vec4 v0x55a560b021e0_0, 0, 1;
    %jmp T_4.0;
T_4.1 ;
    %end;
    .thread T_4;
    .scope S_0x55a560ae72f0;
T_5 ;
    %pushi/vec4 1, 0, 1;
    %store/vec4 v0x55a560b022f0_0, 0, 1;
    %delay 12000, 0;
    %pushi/vec4 0, 0, 1;
    %store/vec4 v0x55a560b022f0_0, 0, 1;
    %delay 100000, 0;
    %vpi_call/w 3 37 "$finish" {0 0 0};
    %end;
    .thread T_5;
    .scope S_0x55a560ae72f0;
T_6 ;
    %vpi_call/w 3 42 "$display", "time\011clk_in\011meas_en\011q0\011q1\011q2\011q3" {0 0 0};
    %vpi_call/w 3 43 "$monitor", "%0t\011%b\011%b\011%b\011%b\011%b\011%b", $time, v0x55a560b021e0_0, v0x55a560b022f0_0, v0x55a560b023b0_0, v0x55a560b02450_0, v0x55a560b024f0_0, v0x55a560b025e0_0 {0 0 0};
    %end;
    .thread T_6;
    .scope S_0x55a560ae72f0;
T_7 ;
    %vpi_call/w 3 47 "$dumpfile", "sim/div16_tb.vcd" {0 0 0};
    %vpi_call/w 3 48 "$dumpvars", 32'sb00000000000000000000000000000000, S_0x55a560ae72f0 {0 0 0};
    %end;
    .thread T_7;
# The file index is used to find the file name in the following table.
:file_names 5;
    "N/A";
    "<interactive>";
    "-";
    "src/div16_tb.sv";
    "src/div16.sv";
