#! /foss/tools/iverilog/bin/vvp
:ivl_version "14.0 (devel)" "(s20251012-216-g6b1878c1-dirty)";
:ivl_delay_selection "TYPICAL";
:vpi_time_precision - 12;
:vpi_module "/foss/tools/iverilog/lib/ivl/system.vpi";
:vpi_module "/foss/tools/iverilog/lib/ivl/vhdl_sys.vpi";
:vpi_module "/foss/tools/iverilog/lib/ivl/vhdl_textio.vpi";
:vpi_module "/foss/tools/iverilog/lib/ivl/v2005_math.vpi";
:vpi_module "/foss/tools/iverilog/lib/ivl/va_math.vpi";
:vpi_module "/foss/tools/iverilog/lib/ivl/v2009.vpi";
S_0x55f29a140af0 .scope package, "$unit" "$unit" 2 1;
 .timescale 0 0;
S_0x55f29a140c80 .scope module, "div16_tb" "div16_tb" 3 3;
 .timescale -9 -12;
v0x55f29a1587c0_0 .var "clk_in", 0 0;
v0x55f29a158880_0 .var "meas_en", 0 0;
v0x55f29a158950_0 .net "q0", 0 0, L_0x55f29a1590a0;  1 drivers
v0x55f29a158a50_0 .net "q1", 0 0, L_0x55f29a158fb0;  1 drivers
v0x55f29a158b20_0 .net "q2", 0 0, L_0x55f29a158e70;  1 drivers
v0x55f29a158bc0_0 .net "q3", 0 0, L_0x55f29a158d80;  1 drivers
S_0x55f29a140e10 .scope module, "dut" "div16" 3 14, 4 1 0, S_0x55f29a140c80;
 .timescale 0 0;
    .port_info 0 /INPUT 1 "clk_in";
    .port_info 1 /INPUT 1 "meas_en";
    .port_info 2 /OUTPUT 1 "q0";
    .port_info 3 /OUTPUT 1 "q1";
    .port_info 4 /OUTPUT 1 "q2";
    .port_info 5 /OUTPUT 1 "q3";
L_0x55f29a158c90 .functor NOT 1, v0x55f29a158880_0, C4<0>, C4<0>, C4<0>;
L_0x55f29a1592f0 .functor AND 4, v0x55f29a158150_0, L_0x55f29a159250, C4<1111>, C4<1111>;
v0x55f29a1055b0_0 .net *"_ivl_8", 3 0, L_0x55f29a159250;  1 drivers
v0x55f29a157fd0_0 .net *"_ivl_9", 3 0, L_0x55f29a1592f0;  1 drivers
v0x55f29a1580b0_0 .net "clk_in", 0 0, v0x55f29a1587c0_0;  1 drivers
v0x55f29a158150_0 .var "cnt", 3 0;
v0x55f29a158230_0 .net "meas_en", 0 0, v0x55f29a158880_0;  1 drivers
v0x55f29a158340_0 .net "q0", 0 0, L_0x55f29a1590a0;  alias, 1 drivers
v0x55f29a158400_0 .net "q1", 0 0, L_0x55f29a158fb0;  alias, 1 drivers
v0x55f29a1584c0_0 .net "q2", 0 0, L_0x55f29a158e70;  alias, 1 drivers
v0x55f29a158580_0 .net "q3", 0 0, L_0x55f29a158d80;  alias, 1 drivers
v0x55f29a158640_0 .net "run", 0 0, L_0x55f29a158c90;  1 drivers
E_0x55f29a13f7e0 .event posedge, v0x55f29a158230_0, v0x55f29a1580b0_0;
L_0x55f29a158d80 .part L_0x55f29a1592f0, 3, 1;
L_0x55f29a158e70 .part L_0x55f29a1592f0, 2, 1;
L_0x55f29a158fb0 .part L_0x55f29a1592f0, 1, 1;
L_0x55f29a1590a0 .part L_0x55f29a1592f0, 0, 1;
L_0x55f29a159250 .repeat 4, 4, L_0x55f29a158c90;
    .scope S_0x55f29a140e10;
T_0 ;
    %wait E_0x55f29a13f7e0;
    %load/vec4 v0x55f29a158230_0;
    %flag_set/vec4 8;
    %jmp/0xz  T_0.0, 8;
    %pushi/vec4 0, 0, 4;
    %assign/vec4 v0x55f29a158150_0, 0;
    %jmp T_0.1;
T_0.0 ;
    %load/vec4 v0x55f29a158150_0;
    %addi 1, 0, 4;
    %assign/vec4 v0x55f29a158150_0, 0;
T_0.1 ;
    %jmp T_0;
    .thread T_0;
    .scope S_0x55f29a140c80;
T_1 ;
    %pushi/vec4 0, 0, 1;
    %store/vec4 v0x55f29a1587c0_0, 0, 1;
T_1.0 ;
    %delay 2500, 0;
    %load/vec4 v0x55f29a1587c0_0;
    %inv;
    %store/vec4 v0x55f29a1587c0_0, 0, 1;
    %jmp T_1.0;
T_1.1 ;
    %end;
    .thread T_1;
    .scope S_0x55f29a140c80;
T_2 ;
    %pushi/vec4 1, 0, 1;
    %store/vec4 v0x55f29a158880_0, 0, 1;
    %delay 12000, 0;
    %pushi/vec4 0, 0, 1;
    %store/vec4 v0x55f29a158880_0, 0, 1;
    %delay 200000, 0;
    %pushi/vec4 1, 0, 1;
    %store/vec4 v0x55f29a158880_0, 0, 1;
    %delay 12000, 0;
    %vpi_call/w 3 39 "$finish" {0 0 0};
    %end;
    .thread T_2;
    .scope S_0x55f29a140c80;
T_3 ;
    %vpi_call/w 3 44 "$display", "time\011clk_in\011meas_en\011q0\011q1\011q2\011q3" {0 0 0};
    %vpi_call/w 3 45 "$monitor", "%0t\011%b\011%b\011%b\011%b\011%b\011%b", $time, v0x55f29a1587c0_0, v0x55f29a158880_0, v0x55f29a158950_0, v0x55f29a158a50_0, v0x55f29a158b20_0, v0x55f29a158bc0_0 {0 0 0};
    %end;
    .thread T_3;
    .scope S_0x55f29a140c80;
T_4 ;
    %vpi_call/w 3 49 "$dumpfile", "sim/div16_tb.vcd" {0 0 0};
    %vpi_call/w 3 50 "$dumpvars", 32'sb00000000000000000000000000000000, S_0x55f29a140c80 {0 0 0};
    %end;
    .thread T_4;
# The file index is used to find the file name in the following table.
:file_names 5;
    "N/A";
    "<interactive>";
    "-";
    "src/div16_tb.sv";
    "src/div16.sv";
